<?xml version="1.0" encoding="UTF-8"?>
<testng-results skipped="0" failed="0" ignored="0" total="2" passed="2">
  <reporter-output>
  </reporter-output>
  <suite name="Default suite" duration-ms="6514" started-at="2019-01-31T21:12:47Z" finished-at="2019-01-31T21:12:53Z">
    <groups>
    </groups>
    <test name="Default test" duration-ms="6514" started-at="2019-01-31T21:12:47Z" finished-at="2019-01-31T21:12:53Z">
      <class name="com.selenium.selenium.facebook">
        <test-method status="PASS" signature="setup()[pri:0, instance:com.selenium.selenium.facebook@675d3402]" name="setup" is-config="true" duration-ms="5332" started-at="2019-01-31T16:12:47Z" finished-at="2019-01-31T16:12:52Z">
          <reporter-output>
          </reporter-output>
        </test-method> <!-- setup -->
        <test-method status="PASS" signature="title_test()[pri:0, instance:com.selenium.selenium.facebook@675d3402]" name="title_test" duration-ms="433" started-at="2019-01-31T16:12:52Z" finished-at="2019-01-31T16:12:52Z">
          <reporter-output>
          </reporter-output>
        </test-method> <!-- title_test -->
        <test-method status="PASS" signature="createAccount()[pri:1, instance:com.selenium.selenium.facebook@675d3402]" name="createAccount" duration-ms="702" started-at="2019-01-31T16:12:52Z" finished-at="2019-01-31T16:12:53Z">
          <reporter-output>
          </reporter-output>
        </test-method> <!-- createAccount -->
      </class> <!-- com.selenium.selenium.facebook -->
    </test> <!-- Default test -->
  </suite> <!-- Default suite -->
</testng-results>
